<?xml version="1.0" encoding="UTF-8"?>
<!-- Generated by org.testng.reporters.JUnitXMLReporter -->
<testsuite hostname="DESKTOP-R4GCUPT" ignored="26" name="TestingTestLeafApp" tests="5" failures="0" timestamp="2020-04-26T03:20:44 IST" time="40.51" errors="0">
  <testcase name="verifyWaitForAlertPage" time="7.269" classname="selenium.TestLeafApplication"/>
  <testcase name="verifyWaitForAlertPage" time="3.598" classname="selenium.TestLeafApplication"/>
  <testcase name="verifyWaitForAlertPage" time="3.607" classname="selenium.TestLeafApplication"/>
  <testcase name="verifyWaitForAlertPage" time="3.7" classname="selenium.TestLeafApplication"/>
  <testcase name="verifyWaitForAlertPage" time="3.823" classname="selenium.TestLeafApplication"/>
  <testcase name="verifyAutoCompletePage" time="0.0" classname="selenium.TestLeafApplication">
    <ignored/>
  </testcase> <!-- verifyAutoCompletePage -->
  <testcase name="verifyEdit" time="0.0" classname="selenium.TestLeafApplication">
    <ignored/>
  </testcase> <!-- verifyEdit -->
  <testcase name="verifyAdvanceWebTablePage" time="0.0" classname="selenium.TestLeafApplication">
    <ignored/>
  </testcase> <!-- verifyAdvanceWebTablePage -->
  <testcase name="verifyCalendarPage" time="0.0" classname="selenium.TestLeafApplication">
    <ignored/>
  </testcase> <!-- verifyCalendarPage -->
  <testcase name="verifyDownLoadFilesPage" time="0.0" classname="selenium.TestLeafApplication">
    <ignored/>
  </testcase> <!-- verifyDownLoadFilesPage -->
  <testcase name="verifyLinks" time="0.0" classname="selenium.TestLeafApplication">
    <ignored/>
  </testcase> <!-- verifyLinks -->
  <testcase name="verifyUploadFilesPage" time="0.0" classname="selenium.TestLeafApplication">
    <ignored/>
  </testcase> <!-- verifyUploadFilesPage -->
  <testcase name="verifyCheckBoxPage" time="0.0" classname="selenium.TestLeafApplication">
    <ignored/>
  </testcase> <!-- verifyCheckBoxPage -->
  <testcase name="verifyImagePage" time="0.0" classname="selenium.TestLeafApplication">
    <ignored/>
  </testcase> <!-- verifyImagePage -->
  <testcase name="verifyDroppablePage" time="0.0" classname="selenium.TestLeafApplication">
    <ignored/>
  </testcase> <!-- verifyDroppablePage -->
  <testcase name="verifyHyperLinksPage" time="0.0" classname="selenium.TestLeafApplication">
    <ignored/>
  </testcase> <!-- verifyHyperLinksPage -->
  <testcase name="verifyTablePage" time="0.0" classname="selenium.TestLeafApplication">
    <ignored/>
  </testcase> <!-- verifyTablePage -->
  <testcase name="verifyToolTipPage" time="0.0" classname="selenium.TestLeafApplication">
    <ignored/>
  </testcase> <!-- verifyToolTipPage -->
  <testcase name="verifyRadioButtonPage" time="0.0" classname="selenium.TestLeafApplication">
    <ignored/>
  </testcase> <!-- verifyRadioButtonPage -->
  <testcase name="verifyButtonPage" time="0.0" classname="selenium.TestLeafApplication">
    <ignored/>
  </testcase> <!-- verifyButtonPage -->
  <testcase name="verifyAlertPage" time="0.0" classname="selenium.TestLeafApplication">
    <ignored/>
  </testcase> <!-- verifyAlertPage -->
  <testcase name="verifyDraggablePage" time="0.0" classname="selenium.TestLeafApplication">
    <ignored/>
  </testcase> <!-- verifyDraggablePage -->
  <testcase name="verifyWaitForTextChangePage" time="0.0" classname="selenium.TestLeafApplication">
    <ignored/>
  </testcase> <!-- verifyWaitForTextChangePage -->
  <testcase name="verifyWaitToAppearPage" time="0.0" classname="selenium.TestLeafApplication">
    <ignored/>
  </testcase> <!-- verifyWaitToAppearPage -->
  <testcase name="verifySelectablePage" time="0.0" classname="selenium.TestLeafApplication">
    <ignored/>
  </testcase> <!-- verifySelectablePage -->
  <testcase name="verifySortablePage" time="0.0" classname="selenium.TestLeafApplication">
    <ignored/>
  </testcase> <!-- verifySortablePage -->
  <testcase name="verifyMouseHoverPage" time="0.0" classname="selenium.TestLeafApplication">
    <ignored/>
  </testcase> <!-- verifyMouseHoverPage -->
  <testcase name="verifyDropdownPage" time="0.0" classname="selenium.TestLeafApplication">
    <ignored/>
  </testcase> <!-- verifyDropdownPage -->
  <testcase name="verifyWindowPage" time="0.0" classname="selenium.TestLeafApplication">
    <ignored/>
  </testcase> <!-- verifyWindowPage -->
  <testcase name="verifyWaitToDisappearPage" time="0.0" classname="selenium.TestLeafApplication">
    <ignored/>
  </testcase> <!-- verifyWaitToDisappearPage -->
  <testcase name="verifyFramePage" time="0.0" classname="selenium.TestLeafApplication">
    <ignored/>
  </testcase> <!-- verifyFramePage -->
</testsuite> <!-- TestingTestLeafApp -->
