<?xml version="1.0" encoding="UTF-8"?>
<!-- Generated by org.testng.reporters.JUnitXMLReporter -->
<testsuite hostname="DESKTOP-R4GCUPT" ignored="26" name="Test" tests="1" failures="0" timestamp="2020-05-02T22:47:15 IST" time="13.794" errors="0">
  <testcase name="@BeforeMethod beforeMethod" time="5.639" classname="seleniumTestNG.TestLeafApplication">
    <failure type="java.lang.NullPointerException">
      <![CDATA[java.lang.NullPointerException
at seleniumTestNG.Utils.takeScreenshot(Utils.java:24)
at seleniumTestNG.Utils.report(Utils.java:39)
at seleniumTestNG.TestLeafApplication.beforeMethod(TestLeafApplication.java:79)
at java.util.ArrayList.forEach(Unknown Source)
... Removed 31 stack frames]]>
    </failure>
  </testcase> <!-- @BeforeMethod beforeMethod -->
  <testcase name="@AfterMethod afterMethod" time="-1.58843983555E9" classname="seleniumTestNG.TestLeafApplication">
    <skipped/>
  </testcase> <!-- @AfterMethod afterMethod -->
  <testcase name="@AfterTest tearDown" time="-1.58843983555E9" classname="seleniumTestNG.TestLeafApplication">
    <skipped/>
  </testcase> <!-- @AfterTest tearDown -->
  <testcase name="verifyButtonPage" time="0.0" classname="seleniumTestNG.TestLeafApplication">
    <skipped/>
  </testcase> <!-- verifyButtonPage -->
  <testcase name="verifyAutoCompletePage" time="0.0" classname="seleniumTestNG.TestLeafApplication">
    <ignored/>
  </testcase> <!-- verifyAutoCompletePage -->
  <testcase name="verifyEdit" time="0.0" classname="seleniumTestNG.TestLeafApplication">
    <ignored/>
  </testcase> <!-- verifyEdit -->
  <testcase name="verifyCalendarPage" time="0.0" classname="seleniumTestNG.TestLeafApplication">
    <ignored/>
  </testcase> <!-- verifyCalendarPage -->
  <testcase name="verifyAdvanceWebTablePage" time="0.0" classname="seleniumTestNG.TestLeafApplication">
    <ignored/>
  </testcase> <!-- verifyAdvanceWebTablePage -->
  <testcase name="verifyDownLoadFilesPage" time="0.0" classname="seleniumTestNG.TestLeafApplication">
    <ignored/>
  </testcase> <!-- verifyDownLoadFilesPage -->
  <testcase name="verifyLinks" time="0.0" classname="seleniumTestNG.TestLeafApplication">
    <ignored/>
  </testcase> <!-- verifyLinks -->
  <testcase name="verifyCheckBoxPage" time="0.0" classname="seleniumTestNG.TestLeafApplication">
    <ignored/>
  </testcase> <!-- verifyCheckBoxPage -->
  <testcase name="verifyImagePage" time="0.0" classname="seleniumTestNG.TestLeafApplication">
    <ignored/>
  </testcase> <!-- verifyImagePage -->
  <testcase name="verifyToolTipPage" time="0.0" classname="seleniumTestNG.TestLeafApplication">
    <ignored/>
  </testcase> <!-- verifyToolTipPage -->
  <testcase name="verifyHyperLinksPage" time="0.0" classname="seleniumTestNG.TestLeafApplication">
    <ignored/>
  </testcase> <!-- verifyHyperLinksPage -->
  <testcase name="verifyUploadFilesPage" time="0.0" classname="seleniumTestNG.TestLeafApplication">
    <ignored/>
  </testcase> <!-- verifyUploadFilesPage -->
  <testcase name="verifyDroppablePage" time="0.0" classname="seleniumTestNG.TestLeafApplication">
    <ignored/>
  </testcase> <!-- verifyDroppablePage -->
  <testcase name="verifyAlertPage" time="0.0" classname="seleniumTestNG.TestLeafApplication">
    <ignored/>
  </testcase> <!-- verifyAlertPage -->
  <testcase name="verifyRadioButtonPage" time="0.0" classname="seleniumTestNG.TestLeafApplication">
    <ignored/>
  </testcase> <!-- verifyRadioButtonPage -->
  <testcase name="verifyMouseHoverPage" time="0.0" classname="seleniumTestNG.TestLeafApplication">
    <ignored/>
  </testcase> <!-- verifyMouseHoverPage -->
  <testcase name="verifyTablePage" time="0.0" classname="seleniumTestNG.TestLeafApplication">
    <ignored/>
  </testcase> <!-- verifyTablePage -->
  <testcase name="verifyWaitForTextChangePage" time="0.0" classname="seleniumTestNG.TestLeafApplication">
    <ignored/>
  </testcase> <!-- verifyWaitForTextChangePage -->
  <testcase name="verifyDraggablePage" time="0.0" classname="seleniumTestNG.TestLeafApplication">
    <ignored/>
  </testcase> <!-- verifyDraggablePage -->
  <testcase name="verifyWaitForAlertPage" time="0.0" classname="seleniumTestNG.TestLeafApplication">
    <ignored/>
  </testcase> <!-- verifyWaitForAlertPage -->
  <testcase name="verifySortablePage" time="0.0" classname="seleniumTestNG.TestLeafApplication">
    <ignored/>
  </testcase> <!-- verifySortablePage -->
  <testcase name="verifyWaitToAppearPage" time="0.0" classname="seleniumTestNG.TestLeafApplication">
    <ignored/>
  </testcase> <!-- verifyWaitToAppearPage -->
  <testcase name="verifySelectablePage" time="0.0" classname="seleniumTestNG.TestLeafApplication">
    <ignored/>
  </testcase> <!-- verifySelectablePage -->
  <testcase name="verifyFramePage" time="0.0" classname="seleniumTestNG.TestLeafApplication">
    <ignored/>
  </testcase> <!-- verifyFramePage -->
  <testcase name="verifyWindowPage" time="0.0" classname="seleniumTestNG.TestLeafApplication">
    <ignored/>
  </testcase> <!-- verifyWindowPage -->
  <testcase name="verifyWaitToDisappearPage" time="0.0" classname="seleniumTestNG.TestLeafApplication">
    <ignored/>
  </testcase> <!-- verifyWaitToDisappearPage -->
  <testcase name="verifyDropdownPage" time="0.0" classname="seleniumTestNG.TestLeafApplication">
    <ignored/>
  </testcase> <!-- verifyDropdownPage -->
</testsuite> <!-- Test -->
