<?xml version="1.0" encoding="UTF-8"?>
<!-- Generated by org.testng.reporters.JUnitXMLReporter -->
<testsuite hostname="DESKTOP-R4GCUPT" ignored="23" name="Default test" tests="4" failures="1" timestamp="2020-04-26T02:49:52 IST" time="47.83" errors="0">
  <testcase name="verifySelectablePage" time="18.489" classname="selenium.TestLeafApplication"/>
  <testcase name="verifySortablePage" time="0.112" classname="selenium.TestLeafApplication">
    <failure type="org.testng.internal.thread.ThreadTimeoutException" message="Method selenium.TestLeafApplication.verifySortablePage() didn&amp;apos;t finish within the time-out 100">
      <![CDATA[org.testng.internal.thread.ThreadTimeoutException: Method selenium.TestLeafApplication.verifySortablePage() didn't finish within the time-out 100
at org.testng.internal.MethodInvocationHelper.invokeWithTimeoutWithNewExecutor(MethodInvocationHelper.java:367)
at org.testng.internal.MethodInvocationHelper.invokeWithTimeout(MethodInvocationHelper.java:282)
at org.testng.internal.TestInvoker.invokeMethod(TestInvoker.java:603)
at org.testng.internal.TestInvoker.invokeTestMethod(TestInvoker.java:173)
at org.testng.internal.MethodRunner.runInSequence(MethodRunner.java:46)
at org.testng.internal.TestInvoker$MethodInvocationAgent.invoke(TestInvoker.java:816)
at org.testng.internal.TestInvoker.invokeTestMethods(TestInvoker.java:146)
at org.testng.internal.TestMethodWorker.invokeTestMethods(TestMethodWorker.java:146)
at org.testng.internal.TestMethodWorker.run(TestMethodWorker.java:128)
at java.util.ArrayList.forEach(Unknown Source)
at org.testng.TestRunner.privateRun(TestRunner.java:766)
at org.testng.TestRunner.run(TestRunner.java:587)
at org.testng.SuiteRunner.runTest(SuiteRunner.java:384)
at org.testng.SuiteRunner.runSequentially(SuiteRunner.java:378)
at org.testng.SuiteRunner.privateRun(SuiteRunner.java:337)
at org.testng.SuiteRunner.run(SuiteRunner.java:286)
at org.testng.SuiteRunnerWorker.runSuite(SuiteRunnerWorker.java:53)
at org.testng.SuiteRunnerWorker.run(SuiteRunnerWorker.java:96)
at org.testng.TestNG.runSuitesSequentially(TestNG.java:1187)
at org.testng.TestNG.runSuitesLocally(TestNG.java:1109)
at org.testng.TestNG.runSuites(TestNG.java:1039)
at org.testng.TestNG.run(TestNG.java:1007)
at org.testng.remote.AbstractRemoteTestNG.run(AbstractRemoteTestNG.java:115)
at org.testng.remote.RemoteTestNG.initAndRun(RemoteTestNG.java:251)
at org.testng.remote.RemoteTestNG.main(RemoteTestNG.java:77)
]]>
    </failure>
  </testcase> <!-- verifySortablePage -->
  <testcase name="verifyWaitForTextChangePage" time="5.677" classname="selenium.TestLeafApplication"/>
  <testcase name="verifyWaitForAlertPage" time="3.727" classname="selenium.TestLeafApplication"/>
  <testcase name="verifyAutoCompletePage" time="0.0" classname="selenium.TestLeafApplication">
    <ignored/>
  </testcase> <!-- verifyAutoCompletePage -->
  <testcase name="verifyEdit" time="0.0" classname="selenium.TestLeafApplication">
    <ignored/>
  </testcase> <!-- verifyEdit -->
  <testcase name="verifyAdvanceWebTablePage" time="0.0" classname="selenium.TestLeafApplication">
    <ignored/>
  </testcase> <!-- verifyAdvanceWebTablePage -->
  <testcase name="verifyCalendarPage" time="0.0" classname="selenium.TestLeafApplication">
    <ignored/>
  </testcase> <!-- verifyCalendarPage -->
  <testcase name="verifyRadioButtonPage" time="0.0" classname="selenium.TestLeafApplication">
    <ignored/>
  </testcase> <!-- verifyRadioButtonPage -->
  <testcase name="verifyButtonPage" time="0.0" classname="selenium.TestLeafApplication">
    <ignored/>
  </testcase> <!-- verifyButtonPage -->
  <testcase name="verifyAlertPage" time="0.0" classname="selenium.TestLeafApplication">
    <ignored/>
  </testcase> <!-- verifyAlertPage -->
  <testcase name="verifyDraggablePage" time="0.0" classname="selenium.TestLeafApplication">
    <ignored/>
  </testcase> <!-- verifyDraggablePage -->
  <testcase name="verifyDownLoadFilesPage" time="0.0" classname="selenium.TestLeafApplication">
    <ignored/>
  </testcase> <!-- verifyDownLoadFilesPage -->
  <testcase name="verifyLinks" time="0.0" classname="selenium.TestLeafApplication">
    <ignored/>
  </testcase> <!-- verifyLinks -->
  <testcase name="verifyWaitToAppearPage" time="0.0" classname="selenium.TestLeafApplication">
    <ignored/>
  </testcase> <!-- verifyWaitToAppearPage -->
  <testcase name="verifyUploadFilesPage" time="0.0" classname="selenium.TestLeafApplication">
    <ignored/>
  </testcase> <!-- verifyUploadFilesPage -->
  <testcase name="verifyCheckBoxPage" time="0.0" classname="selenium.TestLeafApplication">
    <ignored/>
  </testcase> <!-- verifyCheckBoxPage -->
  <testcase name="verifyImagePage" time="0.0" classname="selenium.TestLeafApplication">
    <ignored/>
  </testcase> <!-- verifyImagePage -->
  <testcase name="verifyMouseHoverPage" time="0.0" classname="selenium.TestLeafApplication">
    <ignored/>
  </testcase> <!-- verifyMouseHoverPage -->
  <testcase name="verifyDropdownPage" time="0.0" classname="selenium.TestLeafApplication">
    <ignored/>
  </testcase> <!-- verifyDropdownPage -->
  <testcase name="verifyWindowPage" time="0.0" classname="selenium.TestLeafApplication">
    <ignored/>
  </testcase> <!-- verifyWindowPage -->
  <testcase name="verifyDroppablePage" time="0.0" classname="selenium.TestLeafApplication">
    <ignored/>
  </testcase> <!-- verifyDroppablePage -->
  <testcase name="verifyWaitToDisappearPage" time="0.0" classname="selenium.TestLeafApplication">
    <ignored/>
  </testcase> <!-- verifyWaitToDisappearPage -->
  <testcase name="verifyFramePage" time="0.0" classname="selenium.TestLeafApplication">
    <ignored/>
  </testcase> <!-- verifyFramePage -->
  <testcase name="verifyHyperLinksPage" time="0.0" classname="selenium.TestLeafApplication">
    <ignored/>
  </testcase> <!-- verifyHyperLinksPage -->
  <testcase name="verifyTablePage" time="0.0" classname="selenium.TestLeafApplication">
    <ignored/>
  </testcase> <!-- verifyTablePage -->
  <testcase name="verifyToolTipPage" time="0.0" classname="selenium.TestLeafApplication">
    <ignored/>
  </testcase> <!-- verifyToolTipPage -->
</testsuite> <!-- Default test -->
