<?xml version="1.0" encoding="UTF-8"?>
<testng-results skipped="0" failed="0" ignored="0" total="1" passed="1">
  <reporter-output>
  </reporter-output>
  <suite name="Default suite" duration-ms="11086" started-at="2020-05-03T00:17:31 IST" finished-at="2020-05-03T00:17:42 IST">
    <groups>
    </groups>
    <test name="Default test" duration-ms="11086" started-at="2020-05-03T00:17:31 IST" finished-at="2020-05-03T00:17:42 IST">
      <class name="seleniumTestNG.Utils">
        <test-method status="PASS" signature="sample()[pri:0, instance:seleniumTestNG.Utils@7113b13f]" name="sample" duration-ms="11030" started-at="2020-05-03T00:17:31 IST" finished-at="2020-05-03T00:17:42 IST">
          <reporter-output>
          </reporter-output>
        </test-method> <!-- sample -->
      </class> <!-- seleniumTestNG.Utils -->
    </test> <!-- Default test -->
  </suite> <!-- Default suite -->
</testng-results>
